<html>

<head>
<title>
Avida consistency-checks project : Running the tests
</title>
</head>
<body>
<hr>
<code>
$ pwd
<p>
/Users/kaben/Projects/Software/Avida/consistency-tests
<p>
$ ls
<p>
CMakeLists.txt  CMakeModules    Doc             Support         Tests
<p>
$ cd build
<p>
$ make test
<p>
Building tests test...
<p>
/sw/bin/ctest
<p>
Test project
<p>
Changing directory into
<p>
/Users/kaben/Projects/Software/Avida/consistency-tests/build/Tests/Researchers/dule/LocalSex
<p>
Testing GlobalAsex                        Passed
<p>
Changing directory into
<p>
/Users/kaben/Projects/Software/Avida/consistency-tests/build/Tests/Researchers/goingssh/Kazi
<p>
Testing GlobalAsex                     ***Failed
<p>
Testing GlobalAsex                     ***Failed
<p>
33% tests passed, 2 tests failed out of 3
<p>
The following tests FAILED:
<p>
        GlobalAsex
<p>
        GlobalAsex
<p>
make: *** [test] Error 2
</code>
<p>
</body>

</html>

